<?xml version="1.0" encoding="utf-8" standalone="no"?>
<!--This file represents the results of running a test suite-->
<test-results name="c:\users\ben\Documents\GitHub\Brew-Recipe-Box\BrewRecipeBox\BrewRecipeBox_Test\bin\Debug\BrewRecipeBox_Test.dll" total="7" errors="0" failures="2" not-run="0" inconclusive="0" ignored="0" skipped="0" invalid="0" date="2012-12-06" time="22:30:09">
  <environment nunit-version="2.6.2.12296" clr-version="2.0.50727.4234" os-version="Microsoft Windows NT 6.0.6002 Service Pack 2" platform="Win32NT" cwd="C:\Users\Ben\Documents\GitHub\Brew-Recipe-Box\BrewRecipeBox\packages\NUnit.Runners.2.6.2\tools" machine-name="BEN-PC" user="Ben" user-domain="Ben-PC" />
  <culture-info current-culture="en-US" current-uiculture="en-US" />
  <test-suite type="Assembly" name="c:\users\ben\Documents\GitHub\Brew-Recipe-Box\BrewRecipeBox\BrewRecipeBox_Test\bin\Debug\BrewRecipeBox_Test.dll" executed="True" result="Failure" success="False" time="0.135" asserts="0">
    <results>
      <test-suite type="Namespace" name="BrewRecipeBox_Test" executed="True" result="Failure" success="False" time="0.114" asserts="0">
        <results>
          <test-suite type="TestFixture" name="RecipeRepositoryTest" executed="True" result="Failure" success="False" time="0.113" asserts="0">
            <results>
              <test-case name="BrewRecipeBox_Test.RecipeRepositoryTest.GetRecipeSummariesByUser" executed="True" result="Success" success="True" time="0.022" asserts="0" />
              <test-case name="BrewRecipeBox_Test.RecipeRepositoryTest.IbuCalculatorRager" executed="True" result="Success" success="True" time="0.031" asserts="1" />
              <test-case name="BrewRecipeBox_Test.RecipeRepositoryTest.IbuCalculatorRagerNotEqualToTinseth" executed="True" result="Success" success="True" time="0.012" asserts="1" />
              <test-case name="BrewRecipeBox_Test.RecipeRepositoryTest.IbuCalculatorTinseth" executed="True" result="Success" success="True" time="0.001" asserts="1" />
              <test-case name="BrewRecipeBox_Test.RecipeRepositoryTest.SrmCalculatorDaniels" executed="True" result="Failure" success="False" time="0.018" asserts="1">
                <failure>
                  <message><![CDATA[  Expected: 5.1799999998999997d
  But was:  8.72m
]]></message>
                  <stack-trace><![CDATA[at BrewRecipeBox_Test.RecipeRepositoryTest.SrmCalculatorDaniels() in C:\Users\Ben\Documents\GitHub\Brew-Recipe-Box\BrewRecipeBox\BrewRecipeBox_Test\RecipeRepositoryTest.cs:line 67
]]></stack-trace>
                </failure>
              </test-case>
              <test-case name="BrewRecipeBox_Test.RecipeRepositoryTest.SrmCalculatorDefault" executed="True" result="Success" success="True" time="0.002" asserts="1" />
              <test-case name="BrewRecipeBox_Test.RecipeRepositoryTest.SrmCalculatorMosher" executed="True" result="Failure" success="False" time="0.002" asserts="1">
                <failure>
                  <message><![CDATA[  Expected: 8.7200000000000006d
  But was:  5.18m
]]></message>
                  <stack-trace><![CDATA[at BrewRecipeBox_Test.RecipeRepositoryTest.SrmCalculatorMosher() in C:\Users\Ben\Documents\GitHub\Brew-Recipe-Box\BrewRecipeBox\BrewRecipeBox_Test\RecipeRepositoryTest.cs:line 61
]]></stack-trace>
                </failure>
              </test-case>
            </results>
          </test-suite>
        </results>
      </test-suite>
    </results>
  </test-suite>
</test-results>