<?xml version="1.0" encoding="utf-8" standalone="no"?>
<!--This file represents the results of running a test suite-->
<test-results name="C:\Users\Ben\Documents\Visual Studio 2010\Projects\BrewRecipeBox\BrewRecipeBox_Test\bin\Debug\BrewRecipeBox_Test.dll" total="0" errors="0" failures="0" not-run="0" inconclusive="0" ignored="0" skipped="0" invalid="0" date="2012-12-03" time="20:34:38">
  <environment nunit-version="2.6.2.12296" clr-version="2.0.50727.4234" os-version="Microsoft Windows NT 6.0.6002 Service Pack 2" platform="Win32NT" cwd="C:\Users\Ben\Documents\Visual Studio 2010\Projects\BrewRecipeBox\BrewRecipeBox_Test\bin\Debug" machine-name="BEN-PC" user="Ben" user-domain="Ben-PC" />
  <culture-info current-culture="en-US" current-uiculture="en-US" />
  <test-suite type="Assembly" name="C:\Users\Ben\Documents\Visual Studio 2010\Projects\BrewRecipeBox\BrewRecipeBox_Test\bin\Debug\BrewRecipeBox_Test.dll" executed="True" result="Inconclusive" success="False" time="0.033" asserts="0">
    <results>
      <test-suite type="Namespace" name="BrewRecipeBox_Test" executed="True" result="Inconclusive" success="False" time="0.013" asserts="0">
        <results>
          <test-suite type="TestFixture" name="RecipeRepositoryTest" executed="True" result="Inconclusive" success="False" time="0.010" asserts="0" />
        </results>
      </test-suite>
    </results>
  </test-suite>
</test-results>